<?xml version="1.0" encoding="UTF-8"?>
<testng-results ignored="0" total="1" passed="1" failed="0" skipped="0">
  <reporter-output>
  </reporter-output>
  <suite started-at="2024-08-24T10:49:26 IST" name="Default suite" finished-at="2024-08-24T10:49:35 IST" duration-ms="9243">
    <groups>
    </groups>
    <test started-at="2024-08-24T10:49:26 IST" name="Default test" finished-at="2024-08-24T10:49:35 IST" duration-ms="9243">
      <class name="Brokenimage.brokenimage">
        <test-method is-config="true" signature="beforeSuite()[pri:0, instance:Brokenimage.brokenimage@3cce5371]" started-at="2024-08-24T10:49:22 IST" name="beforeSuite" finished-at="2024-08-24T10:49:26 IST" duration-ms="3189" status="PASS">
          <reporter-output>
          </reporter-output>
        </test-method> <!-- beforeSuite -->
        <test-method is-config="true" signature="beforclass()[pri:0, instance:Brokenimage.brokenimage@3cce5371]" started-at="2024-08-24T10:49:26 IST" name="beforclass" finished-at="2024-08-24T10:49:30 IST" duration-ms="4954" status="PASS">
          <reporter-output>
          </reporter-output>
        </test-method> <!-- beforclass -->
        <test-method signature="brokenimage()[pri:0, instance:Brokenimage.brokenimage@3cce5371]" started-at="2024-08-24T10:49:31 IST" name="brokenimage" finished-at="2024-08-24T10:49:35 IST" duration-ms="4226" status="PASS">
          <reporter-output>
          </reporter-output>
        </test-method> <!-- brokenimage -->
        <test-method is-config="true" signature="afterSuite()[pri:0, instance:Brokenimage.brokenimage@3cce5371]" started-at="2024-08-24T10:49:35 IST" name="afterSuite" finished-at="2024-08-24T10:49:35 IST" duration-ms="97" status="PASS">
          <reporter-output>
          </reporter-output>
        </test-method> <!-- afterSuite -->
      </class> <!-- Brokenimage.brokenimage -->
    </test> <!-- Default test -->
  </suite> <!-- Default suite -->
</testng-results>
